09:43:04.174 [M-ml-1-70] DEBUG c.l.m.p.h.ProtocolMessageRPCDispacher - M-ml-1-70 handling message baa60814-->RequestSendClientPublicKey 
09:57:47.245 [M-ml-1-71] DEBUG c.l.m.p.h.ProtocolMessageRPCDispacher - M-ml-1-71 handling message baa60814-->RequestSendClientPublicKey 
09:57:51.484 [M-ml-1-71] DEBUG c.l.m.p.h.ProtocolMessageRPCDispacher - M-ml-1-71 handling message 90cc9caf-->RequestUserLogin 
09:57:54.660 [M-ml-1-71] DEBUG c.l.m.p.h.ProtocolMessageRPCDispacher - M-ml-1-71 handling message dd473121-->ReuqestGameConnect 
09:57:57.310 [M-ml-1-71] DEBUG c.l.m.p.h.ProtocolMessageRPCDispacher - M-ml-1-71 handling message 6813d8bd-->RequestServerArchiveTime 
09:57:58.345 [M-ml-1-71] DEBUG c.l.m.p.h.ProtocolMessageRPCDispacher - M-ml-1-71 handling message 8a421296-->RequestSaveArchive 
10:03:44.388 [M-ml-1-72] DEBUG c.l.m.p.h.ProtocolMessageRPCDispacher - M-ml-1-72 handling message baa60814-->RequestSendClientPublicKey 
10:03:47.731 [M-ml-1-72] DEBUG c.l.m.p.h.ProtocolMessageRPCDispacher - M-ml-1-72 handling message 90cc9caf-->RequestUserLogin 
10:03:49.156 [M-ml-1-72] DEBUG c.l.m.p.h.ProtocolMessageRPCDispacher - M-ml-1-72 handling message dd473121-->ReuqestGameConnect 
10:03:49.305 [M-ml-1-72] DEBUG c.l.m.p.h.ProtocolMessageRPCDispacher - M-ml-1-72 handling message 6813d8bd-->RequestServerArchiveTime 
10:03:49.798 [M-ml-1-72] DEBUG c.l.m.p.h.ProtocolMessageRPCDispacher - M-ml-1-72 handling message 8a421296-->RequestSaveArchive 
10:09:05.527 [M-ml-1-73] DEBUG c.l.m.p.h.ProtocolMessageRPCDispacher - M-ml-1-73 handling message baa60814-->RequestSendClientPublicKey 
10:09:08.896 [M-ml-1-73] DEBUG c.l.m.p.h.ProtocolMessageRPCDispacher - M-ml-1-73 handling message 90cc9caf-->RequestUserLogin 
10:09:10.331 [M-ml-1-73] DEBUG c.l.m.p.h.ProtocolMessageRPCDispacher - M-ml-1-73 handling message dd473121-->ReuqestGameConnect 
10:09:10.449 [M-ml-1-73] DEBUG c.l.m.p.h.ProtocolMessageRPCDispacher - M-ml-1-73 handling message 6813d8bd-->RequestServerArchiveTime 
10:09:10.948 [M-ml-1-73] DEBUG c.l.m.p.h.ProtocolMessageRPCDispacher - M-ml-1-73 handling message 8a421296-->RequestSaveArchive 
10:14:48.433 [M-ml-1-74] DEBUG c.l.m.p.h.ProtocolMessageRPCDispacher - M-ml-1-74 handling message 8a421296-->RequestSaveArchive 
10:22:20.499 [M-ml-1-75] DEBUG c.l.m.p.h.ProtocolMessageRPCDispacher - M-ml-1-75 handling message baa60814-->RequestSendClientPublicKey 
10:22:24.088 [M-ml-1-75] DEBUG c.l.m.p.h.ProtocolMessageRPCDispacher - M-ml-1-75 handling message 90cc9caf-->RequestUserLogin 
10:22:25.457 [M-ml-1-75] DEBUG c.l.m.p.h.ProtocolMessageRPCDispacher - M-ml-1-75 handling message dd473121-->ReuqestGameConnect 
10:22:25.544 [M-ml-1-75] DEBUG c.l.m.p.h.ProtocolMessageRPCDispacher - M-ml-1-75 handling message 6813d8bd-->RequestServerArchiveTime 
10:22:25.920 [M-ml-1-75] DEBUG c.l.m.p.h.ProtocolMessageRPCDispacher - M-ml-1-75 handling message 8a421296-->RequestSaveArchive 
10:33:57.461 [M-ml-1-76] DEBUG c.l.m.p.h.ProtocolMessageRPCDispacher - M-ml-1-76 handling message baa60814-->RequestSendClientPublicKey 
10:34:01.149 [M-ml-1-76] DEBUG c.l.m.p.h.ProtocolMessageRPCDispacher - M-ml-1-76 handling message 90cc9caf-->RequestUserLogin 
10:34:02.474 [M-ml-1-76] DEBUG c.l.m.p.h.ProtocolMessageRPCDispacher - M-ml-1-76 handling message dd473121-->ReuqestGameConnect 
10:34:02.577 [M-ml-1-76] DEBUG c.l.m.p.h.ProtocolMessageRPCDispacher - M-ml-1-76 handling message 6813d8bd-->RequestServerArchiveTime 
10:34:02.863 [M-ml-1-76] DEBUG c.l.m.p.h.ProtocolMessageRPCDispacher - M-ml-1-76 handling message 8a421296-->RequestSaveArchive 
10:36:28.373 [M-ml-1-77] DEBUG c.l.m.p.h.ProtocolMessageRPCDispacher - M-ml-1-77 handling message baa60814-->RequestSendClientPublicKey 
10:36:37.682 [M-ml-1-77] DEBUG c.l.m.p.h.ProtocolMessageRPCDispacher - M-ml-1-77 handling message 90cc9caf-->RequestUserLogin 
10:36:39.057 [M-ml-1-77] DEBUG c.l.m.p.h.ProtocolMessageRPCDispacher - M-ml-1-77 handling message dd473121-->ReuqestGameConnect 
10:36:39.190 [M-ml-1-77] DEBUG c.l.m.p.h.ProtocolMessageRPCDispacher - M-ml-1-77 handling message 6813d8bd-->RequestServerArchiveTime 
10:36:39.803 [M-ml-1-77] DEBUG c.l.m.p.h.ProtocolMessageRPCDispacher - M-ml-1-77 handling message 8a421296-->RequestSaveArchive 
10:40:18.294 [M-ml-1-78] DEBUG c.l.m.p.h.ProtocolMessageRPCDispacher - M-ml-1-78 handling message 8a421296-->RequestSaveArchive 
11:03:33.887 [M-ml-1-79] DEBUG c.l.m.p.h.ProtocolMessageRPCDispacher - M-ml-1-79 handling message baa60814-->RequestSendClientPublicKey 
11:03:37.327 [M-ml-1-79] DEBUG c.l.m.p.h.ProtocolMessageRPCDispacher - M-ml-1-79 handling message 90cc9caf-->RequestUserLogin 
11:03:38.680 [M-ml-1-79] DEBUG c.l.m.p.h.ProtocolMessageRPCDispacher - M-ml-1-79 handling message dd473121-->ReuqestGameConnect 
11:03:38.815 [M-ml-1-79] DEBUG c.l.m.p.h.ProtocolMessageRPCDispacher - M-ml-1-79 handling message 6813d8bd-->RequestServerArchiveTime 
11:03:39.899 [M-ml-1-79] DEBUG c.l.m.p.h.ProtocolMessageRPCDispacher - M-ml-1-79 handling message 8a421296-->RequestSaveArchive 
11:03:44.174 [M-ml-1-79] DEBUG c.l.m.p.h.ProtocolMessageRPCDispacher - M-ml-1-79 handling message 8a421296-->RequestSaveArchive 
11:06:06.915 [M-ml-1-80] DEBUG c.l.m.p.h.ProtocolMessageRPCDispacher - M-ml-1-80 handling message baa60814-->RequestSendClientPublicKey 
11:06:10.139 [M-ml-1-80] DEBUG c.l.m.p.h.ProtocolMessageRPCDispacher - M-ml-1-80 handling message 90cc9caf-->RequestUserLogin 
11:06:11.515 [M-ml-1-80] DEBUG c.l.m.p.h.ProtocolMessageRPCDispacher - M-ml-1-80 handling message dd473121-->ReuqestGameConnect 
11:06:11.640 [M-ml-1-80] DEBUG c.l.m.p.h.ProtocolMessageRPCDispacher - M-ml-1-80 handling message 6813d8bd-->RequestServerArchiveTime 
11:06:12.351 [M-ml-1-80] DEBUG c.l.m.p.h.ProtocolMessageRPCDispacher - M-ml-1-80 handling message 8a421296-->RequestSaveArchive 
11:06:17.982 [M-ml-1-80] DEBUG c.l.m.p.h.ProtocolMessageRPCDispacher - M-ml-1-80 handling message 8a421296-->RequestSaveArchive 
11:10:26.066 [M-ml-1-81] DEBUG c.l.m.p.h.ProtocolMessageRPCDispacher - M-ml-1-81 handling message 8a421296-->RequestSaveArchive 
11:21:16.072 [M-ml-1-82] DEBUG c.l.m.p.h.ProtocolMessageRPCDispacher - M-ml-1-82 handling message baa60814-->RequestSendClientPublicKey 
11:21:19.618 [M-ml-1-82] DEBUG c.l.m.p.h.ProtocolMessageRPCDispacher - M-ml-1-82 handling message 90cc9caf-->RequestUserLogin 
11:21:20.996 [M-ml-1-82] DEBUG c.l.m.p.h.ProtocolMessageRPCDispacher - M-ml-1-82 handling message dd473121-->ReuqestGameConnect 
11:21:21.108 [M-ml-1-82] DEBUG c.l.m.p.h.ProtocolMessageRPCDispacher - M-ml-1-82 handling message 6813d8bd-->RequestServerArchiveTime 
11:21:21.556 [M-ml-1-82] DEBUG c.l.m.p.h.ProtocolMessageRPCDispacher - M-ml-1-82 handling message 8a421296-->RequestSaveArchive 
11:21:27.479 [M-ml-1-82] DEBUG c.l.m.p.h.ProtocolMessageRPCDispacher - M-ml-1-82 handling message 8a421296-->RequestSaveArchive 
11:36:28.506 [M-ml-1-83] DEBUG c.l.m.p.h.ProtocolMessageRPCDispacher - M-ml-1-83 handling message baa60814-->RequestSendClientPublicKey 
11:36:41.659 [M-ml-1-83] DEBUG c.l.m.p.h.ProtocolMessageRPCDispacher - M-ml-1-83 handling message 90cc9caf-->RequestUserLogin 
11:36:42.931 [M-ml-1-83] DEBUG c.l.m.p.h.ProtocolMessageRPCDispacher - M-ml-1-83 handling message dd473121-->ReuqestGameConnect 
11:36:43.032 [M-ml-1-83] DEBUG c.l.m.p.h.ProtocolMessageRPCDispacher - M-ml-1-83 handling message 6813d8bd-->RequestServerArchiveTime 
11:36:44.074 [M-ml-1-83] DEBUG c.l.m.p.h.ProtocolMessageRPCDispacher - M-ml-1-83 handling message 8a421296-->RequestSaveArchive 
11:50:55.294 [M-ml-1-84] DEBUG c.l.m.p.h.ProtocolMessageRPCDispacher - M-ml-1-84 handling message baa60814-->RequestSendClientPublicKey 
11:50:58.794 [M-ml-1-84] DEBUG c.l.m.p.h.ProtocolMessageRPCDispacher - M-ml-1-84 handling message 90cc9caf-->RequestUserLogin 
11:51:00.170 [M-ml-1-84] DEBUG c.l.m.p.h.ProtocolMessageRPCDispacher - M-ml-1-84 handling message dd473121-->ReuqestGameConnect 
11:51:00.269 [M-ml-1-84] DEBUG c.l.m.p.h.ProtocolMessageRPCDispacher - M-ml-1-84 handling message 6813d8bd-->RequestServerArchiveTime 
11:51:00.752 [M-ml-1-84] DEBUG c.l.m.p.h.ProtocolMessageRPCDispacher - M-ml-1-84 handling message 8a421296-->RequestSaveArchive 
11:51:06.762 [M-ml-1-84] DEBUG c.l.m.p.h.ProtocolMessageRPCDispacher - M-ml-1-84 handling message 8a421296-->RequestSaveArchive 
11:54:45.220 [main] INFO  c.live106.mars.master.MasterRunner - Starting MasterRunner on dell-PC with PID 32092 (E:\workspace\Server\Projects\Mars-Master\bin started by dell in E:\workspace\Server\Projects\Mars-Master) 
11:54:45.222 [main] DEBUG c.live106.mars.master.MasterRunner - Running with Spring Boot v1.2.6.RELEASE, Spring v4.2.1.RELEASE 
11:54:45.366 [main] INFO  o.s.c.a.AnnotationConfigApplicationContext - Refreshing org.springframework.context.annotation.AnnotationConfigApplicationContext@6a396c1e: startup date [Tue Nov 24 11:54:45 CST 2015]; root of context hierarchy 
11:54:46.457 [main] INFO  c.live106.mars.master.MasterRunner - Started MasterRunner in 1.843 seconds (JVM running for 2.83) 
11:54:46.538 [main] INFO  c.live106.mars.master.MasterRunner - Master server started at Tue Nov 24 11:54:46 CST 2015 
11:54:57.606 [M-ml-1-2] DEBUG c.l.m.p.h.ProtocolMessageRPCDispacher - M-ml-1-2 handling message baa60814-->RequestSendClientPublicKey 
11:54:57.612 [M-ml-1-2] DEBUG c.l.m.c.t.TServiceClientPoolFactory - open new transport-1 on /localhost:10001 success. 
11:54:57.687 [M-ml-1-2] DEBUG c.l.m.p.h.ProtocolMessageRPCDispacher - M-ml-1-2 handling message 90cc9caf-->RequestUserLogin 
11:54:57.971 [M-ml-1-2] DEBUG c.l.m.p.h.ProtocolMessageRPCDispacher - M-ml-1-2 handling message dd473121-->ReuqestGameConnect 
11:54:57.972 [M-ml-1-2] DEBUG c.l.m.c.t.TServiceClientPoolFactory - open new transport-1 on /localhost:9001 success. 
11:54:58.228 [M-ml-1-2] DEBUG c.l.m.p.h.ProtocolMessageRPCDispacher - M-ml-1-2 handling message 2a2ab162-->RequestStoreScenario 
11:54:58.233 [M-ml-1-2] DEBUG c.l.m.c.t.TServiceClientPoolFactory - open new transport-1 on /localhost:9001 success. 
11:54:58.282 [M-ml-1-2] DEBUG c.l.m.p.h.ProtocolMessageRPCDispacher - M-ml-1-2 handling message 466e06a5-->RequestLoadScenario 
11:55:01.962 [M-ml-1-2] DEBUG c.l.m.p.h.ProtocolMessageRPCDispacher - M-ml-1-2 handling message 8a421296-->RequestSaveArchive 
11:55:04.361 [M-ml-1-2] DEBUG c.l.m.p.h.ProtocolMessageRPCDispacher - M-ml-1-2 handling message 4287170d-->RequestLoadArchive 
