16:46:34.654 [main] INFO  com.live106.mars.game.GameRunner - Starting GameRunner on dell-PC with PID 6912 (E:\workspace\Server\Projects\Mars-Game\bin started by dell in E:\workspace\Server\Projects\Mars-Game) 
16:46:34.662 [main] DEBUG com.live106.mars.game.GameRunner - Running with Spring Boot v1.2.6.RELEASE, Spring v4.2.1.RELEASE 
16:46:34.708 [main] INFO  o.s.c.a.AnnotationConfigApplicationContext - Refreshing org.springframework.context.annotation.AnnotationConfigApplicationContext@1750fbeb: startup date [Mon Nov 16 16:46:34 CST 2015]; root of context hierarchy 
16:46:34.932 [main] WARN  o.s.b.f.s.DefaultListableBeanFactory - Bean creation exception on FactoryBean type check: org.springframework.beans.factory.UnsatisfiedDependencyException: Error creating bean with name 'playerMapper' defined in file [E:\workspace\Server\Projects\Mars-Game\bin\com\live106\mars\game\db\mapper\PlayerMapper.class]: Unsatisfied dependency expressed through bean property 'sqlSessionFactory': : Error creating bean with name 'sqlSessionFactory' defined in com.live106.mars.game.config.GameAppConfig: Bean instantiation via factory method failed; nested exception is org.springframework.beans.BeanInstantiationException: Failed to instantiate [org.apache.ibatis.session.SqlSessionFactory]: Circular reference involving containing bean 'gameAppConfig' - consider declaring the factory method as static for independence from its containing instance. Factory method 'sqlSessionFactory' threw exception; nested exception is org.springframework.beans.factory.BeanCreationException: Error creating bean with name 'dataSource' defined in com.live106.mars.game.config.GameAppConfig: Bean instantiation via factory method failed; nested exception is org.springframework.beans.BeanInstantiationException: Failed to instantiate [javax.sql.DataSource]: Circular reference involving containing bean 'gameAppConfig' - consider declaring the factory method as static for independence from its containing instance. Factory method 'dataSource' threw exception; nested exception is java.lang.NullPointerException; nested exception is org.springframework.beans.factory.BeanCreationException: Error creating bean with name 'sqlSessionFactory' defined in com.live106.mars.game.config.GameAppConfig: Bean instantiation via factory method failed; nested exception is org.springframework.beans.BeanInstantiationException: Failed to instantiate [org.apache.ibatis.session.SqlSessionFactory]: Circular reference involving containing bean 'gameAppConfig' - consider declaring the factory method as static for independence from its containing instance. Factory method 'sqlSessionFactory' threw exception; nested exception is org.springframework.beans.factory.BeanCreationException: Error creating bean with name 'dataSource' defined in com.live106.mars.game.config.GameAppConfig: Bean instantiation via factory method failed; nested exception is org.springframework.beans.BeanInstantiationException: Failed to instantiate [javax.sql.DataSource]: Circular reference involving containing bean 'gameAppConfig' - consider declaring the factory method as static for independence from its containing instance. Factory method 'dataSource' threw exception; nested exception is java.lang.NullPointerException 
16:46:34.941 [main] INFO  o.s.j.d.DriverManagerDataSource - Loaded JDBC driver: com.mysql.jdbc.Driver 
16:46:35.185 [main] INFO  r.clients.jedis.JedisSentinelPool - Trying to find master from available Sentinels... 
16:46:35.216 [main] INFO  r.clients.jedis.JedisSentinelPool - Redis master running at 10.150.1.206:8001, starting Sentinel listeners... 
16:46:35.267 [main] INFO  r.clients.jedis.JedisSentinelPool - Created JedisPool to master at 10.150.1.206:8001 
16:46:35.312 [main] INFO  com.live106.mars.game.GameRunner - Started GameRunner in 0.851 seconds (JVM running for 1.297) 
16:46:35.312 [main] INFO  com.live106.mars.game.GameRunner - Game server started at Mon Nov 16 16:46:35 CST 2015. 
16:46:53.226 [pool-1-thread-2] DEBUG c.l.mars.game.service.PlayerService - User 7831 check randomKey 78311
OmJpxFBt5n2Oh41FZNAAiA== OK. 
16:46:53.227 [pool-1-thread-2] DEBUG c.l.m.game.rpc.GamePlayerServiceRpc - user 7831 connect to game server true 
16:53:37.500 [pool-1-thread-2] DEBUG c.l.mars.game.service.PlayerService - User 7809 check randomKey 78090
d2NILoZjvL1fPMjdrJ3mlQ== OK. 
16:53:37.500 [pool-1-thread-2] DEBUG c.l.m.game.rpc.GamePlayerServiceRpc - user 7809 connect to game server true 
16:54:24.100 [pool-1-thread-2] DEBUG c.l.mars.game.service.PlayerService - User 7809 check randomKey 78090
d2NILoZjvL1fPMjdrJ3mlQ== OK. 
16:54:24.100 [pool-1-thread-2] DEBUG c.l.m.game.rpc.GamePlayerServiceRpc - user 7809 connect to game server true 
16:54:32.389 [pool-1-thread-2] DEBUG c.l.mars.game.service.PlayerService - User 7832 check randomKey 78321
zIAkcrwfqQCzz1lTFC2m6A== OK. 
16:54:32.389 [pool-1-thread-2] DEBUG c.l.m.game.rpc.GamePlayerServiceRpc - user 7832 connect to game server true 
16:54:33.662 [pool-1-thread-2] DEBUG c.l.mars.game.service.PlayerService - User 7833 check randomKey 78331
7pfBp1s3l6Kr6fRV3/P/NA== OK. 
16:54:33.664 [pool-1-thread-2] DEBUG c.l.m.game.rpc.GamePlayerServiceRpc - user 7833 connect to game server true 
16:54:34.803 [pool-1-thread-2] DEBUG c.l.mars.game.service.PlayerService - User 7834 check randomKey 78341
wcf13EL9VshyR7q4EBzMpA== OK. 
16:54:34.803 [pool-1-thread-2] DEBUG c.l.m.game.rpc.GamePlayerServiceRpc - user 7834 connect to game server true 
16:54:35.740 [pool-1-thread-2] DEBUG c.l.mars.game.service.PlayerService - User 7835 check randomKey 78351
2i8RJ8Cv48pf8bjXf3M0CA== OK. 
16:54:35.741 [pool-1-thread-2] DEBUG c.l.m.game.rpc.GamePlayerServiceRpc - user 7835 connect to game server true 
16:54:36.420 [pool-1-thread-2] DEBUG c.l.mars.game.service.PlayerService - User 7836 check randomKey 78361
eHIf1aUMEx1WxldTB1yHJA== OK. 
16:54:36.420 [pool-1-thread-2] DEBUG c.l.m.game.rpc.GamePlayerServiceRpc - user 7836 connect to game server true 
16:54:37.246 [pool-1-thread-2] DEBUG c.l.mars.game.service.PlayerService - User 7837 check randomKey 78371
3clZxr121wE0PVV0KrcrBA== OK. 
16:54:37.246 [pool-1-thread-2] DEBUG c.l.m.game.rpc.GamePlayerServiceRpc - user 7837 connect to game server true 
16:54:37.964 [pool-1-thread-2] DEBUG c.l.mars.game.service.PlayerService - User 7838 check randomKey 78381
JtTQWRRB4SKCs3L+zejnyg== OK. 
16:54:37.965 [pool-1-thread-2] DEBUG c.l.m.game.rpc.GamePlayerServiceRpc - user 7838 connect to game server true 
16:54:38.692 [pool-1-thread-2] DEBUG c.l.mars.game.service.PlayerService - User 7839 check randomKey 78391
5v8I5UEMFUzyq3v2MYSoKg== OK. 
16:54:38.692 [pool-1-thread-2] DEBUG c.l.m.game.rpc.GamePlayerServiceRpc - user 7839 connect to game server true 
16:54:39.859 [pool-1-thread-2] DEBUG c.l.mars.game.service.PlayerService - User 7840 check randomKey 78401
IGqJLBUl6junMGNRrc7LkQ== OK. 
16:54:39.859 [pool-1-thread-2] DEBUG c.l.m.game.rpc.GamePlayerServiceRpc - user 7840 connect to game server true 
16:54:48.541 [main] INFO  com.live106.mars.game.GameRunner - Starting GameRunner on dell-PC with PID 7740 (E:\workspace\Server\Projects\Mars-Game\bin started by dell in E:\workspace\Server\Projects\Mars-Game) 
16:54:48.544 [main] DEBUG com.live106.mars.game.GameRunner - Running with Spring Boot v1.2.6.RELEASE, Spring v4.2.1.RELEASE 
16:54:48.585 [main] INFO  o.s.c.a.AnnotationConfigApplicationContext - Refreshing org.springframework.context.annotation.AnnotationConfigApplicationContext@1750fbeb: startup date [Mon Nov 16 16:54:48 CST 2015]; root of context hierarchy 
16:54:48.784 [main] WARN  o.s.b.f.s.DefaultListableBeanFactory - Bean creation exception on FactoryBean type check: org.springframework.beans.factory.UnsatisfiedDependencyException: Error creating bean with name 'playerMapper' defined in file [E:\workspace\Server\Projects\Mars-Game\bin\com\live106\mars\game\db\mapper\PlayerMapper.class]: Unsatisfied dependency expressed through bean property 'sqlSessionFactory': : Error creating bean with name 'sqlSessionFactory' defined in com.live106.mars.game.config.GameAppConfig: Bean instantiation via factory method failed; nested exception is org.springframework.beans.BeanInstantiationException: Failed to instantiate [org.apache.ibatis.session.SqlSessionFactory]: Circular reference involving containing bean 'gameAppConfig' - consider declaring the factory method as static for independence from its containing instance. Factory method 'sqlSessionFactory' threw exception; nested exception is org.springframework.beans.factory.BeanCreationException: Error creating bean with name 'dataSource' defined in com.live106.mars.game.config.GameAppConfig: Bean instantiation via factory method failed; nested exception is org.springframework.beans.BeanInstantiationException: Failed to instantiate [javax.sql.DataSource]: Circular reference involving containing bean 'gameAppConfig' - consider declaring the factory method as static for independence from its containing instance. Factory method 'dataSource' threw exception; nested exception is java.lang.NullPointerException; nested exception is org.springframework.beans.factory.BeanCreationException: Error creating bean with name 'sqlSessionFactory' defined in com.live106.mars.game.config.GameAppConfig: Bean instantiation via factory method failed; nested exception is org.springframework.beans.BeanInstantiationException: Failed to instantiate [org.apache.ibatis.session.SqlSessionFactory]: Circular reference involving containing bean 'gameAppConfig' - consider declaring the factory method as static for independence from its containing instance. Factory method 'sqlSessionFactory' threw exception; nested exception is org.springframework.beans.factory.BeanCreationException: Error creating bean with name 'dataSource' defined in com.live106.mars.game.config.GameAppConfig: Bean instantiation via factory method failed; nested exception is org.springframework.beans.BeanInstantiationException: Failed to instantiate [javax.sql.DataSource]: Circular reference involving containing bean 'gameAppConfig' - consider declaring the factory method as static for independence from its containing instance. Factory method 'dataSource' threw exception; nested exception is java.lang.NullPointerException 
16:54:48.793 [main] INFO  o.s.j.d.DriverManagerDataSource - Loaded JDBC driver: com.mysql.jdbc.Driver 
16:54:49.010 [main] INFO  r.clients.jedis.JedisSentinelPool - Trying to find master from available Sentinels... 
16:54:49.040 [main] INFO  r.clients.jedis.JedisSentinelPool - Redis master running at 10.150.1.206:8001, starting Sentinel listeners... 
16:54:49.093 [main] INFO  r.clients.jedis.JedisSentinelPool - Created JedisPool to master at 10.150.1.206:8001 
16:54:49.138 [main] INFO  com.live106.mars.game.GameRunner - Started GameRunner in 0.774 seconds (JVM running for 1.318) 
16:54:49.138 [main] INFO  com.live106.mars.game.GameRunner - Game server started at Mon Nov 16 16:54:49 CST 2015. 
16:55:02.127 [pool-1-thread-2] DEBUG c.l.mars.game.service.PlayerService - User 7841 check randomKey 78411
Cw3uFXK1eVMPJILUWZgWZw== OK. 
16:55:02.129 [pool-1-thread-2] DEBUG c.l.m.game.rpc.GamePlayerServiceRpc - user 7841 connect to game server true 
16:55:39.708 [pool-1-thread-2] DEBUG c.l.mars.game.service.PlayerService - User 7809 check randomKey 78090
d2NILoZjvL1fPMjdrJ3mlQ== OK. 
16:55:39.709 [pool-1-thread-2] DEBUG c.l.m.game.rpc.GamePlayerServiceRpc - user 7809 connect to game server true 
16:57:48.214 [pool-1-thread-2] DEBUG c.l.mars.game.service.PlayerService - User 7809 check randomKey 78090
d2NILoZjvL1fPMjdrJ3mlQ== OK. 
16:57:48.215 [pool-1-thread-2] DEBUG c.l.m.game.rpc.GamePlayerServiceRpc - user 7809 connect to game server true 
16:58:28.130 [pool-1-thread-2] DEBUG c.l.mars.game.service.PlayerService - User 7809 check randomKey 78090
d2NILoZjvL1fPMjdrJ3mlQ== OK. 
16:58:28.131 [pool-1-thread-2] DEBUG c.l.m.game.rpc.GamePlayerServiceRpc - user 7809 connect to game server true 
16:59:45.493 [pool-1-thread-2] DEBUG c.l.mars.game.service.PlayerService - User 7809 check randomKey 78090
d2NILoZjvL1fPMjdrJ3mlQ== OK. 
16:59:45.494 [pool-1-thread-2] DEBUG c.l.m.game.rpc.GamePlayerServiceRpc - user 7809 connect to game server true 
17:00:51.264 [pool-1-thread-2] DEBUG c.l.mars.game.service.PlayerService - User 7809 check randomKey 78090
d2NILoZjvL1fPMjdrJ3mlQ== OK. 
17:00:51.265 [pool-1-thread-2] DEBUG c.l.m.game.rpc.GamePlayerServiceRpc - user 7809 connect to game server true 
17:01:59.733 [pool-1-thread-2] DEBUG c.l.mars.game.service.PlayerService - User 7809 check randomKey 78090
d2NILoZjvL1fPMjdrJ3mlQ== OK. 
17:01:59.734 [pool-1-thread-2] DEBUG c.l.m.game.rpc.GamePlayerServiceRpc - user 7809 connect to game server true 
17:02:41.679 [pool-1-thread-2] DEBUG c.l.mars.game.service.PlayerService - User 7809 check randomKey 78090
d2NILoZjvL1fPMjdrJ3mlQ== OK. 
17:02:41.679 [pool-1-thread-2] DEBUG c.l.m.game.rpc.GamePlayerServiceRpc - user 7809 connect to game server true 
17:05:02.720 [main] INFO  com.live106.mars.game.GameRunner - Starting GameRunner on dell-PC with PID 8116 (E:\workspace\Server\Projects\Mars-Game\bin started by dell in E:\workspace\Server\Projects\Mars-Game) 
17:05:02.722 [main] DEBUG com.live106.mars.game.GameRunner - Running with Spring Boot v1.2.6.RELEASE, Spring v4.2.1.RELEASE 
17:05:02.765 [main] INFO  o.s.c.a.AnnotationConfigApplicationContext - Refreshing org.springframework.context.annotation.AnnotationConfigApplicationContext@1750fbeb: startup date [Mon Nov 16 17:05:02 CST 2015]; root of context hierarchy 
17:05:02.962 [main] WARN  o.s.b.f.s.DefaultListableBeanFactory - Bean creation exception on FactoryBean type check: org.springframework.beans.factory.UnsatisfiedDependencyException: Error creating bean with name 'playerMapper' defined in file [E:\workspace\Server\Projects\Mars-Game\bin\com\live106\mars\game\db\mapper\PlayerMapper.class]: Unsatisfied dependency expressed through bean property 'sqlSessionFactory': : Error creating bean with name 'sqlSessionFactory' defined in com.live106.mars.game.config.GameAppConfig: Bean instantiation via factory method failed; nested exception is org.springframework.beans.BeanInstantiationException: Failed to instantiate [org.apache.ibatis.session.SqlSessionFactory]: Circular reference involving containing bean 'gameAppConfig' - consider declaring the factory method as static for independence from its containing instance. Factory method 'sqlSessionFactory' threw exception; nested exception is org.springframework.beans.factory.BeanCreationException: Error creating bean with name 'dataSource' defined in com.live106.mars.game.config.GameAppConfig: Bean instantiation via factory method failed; nested exception is org.springframework.beans.BeanInstantiationException: Failed to instantiate [javax.sql.DataSource]: Circular reference involving containing bean 'gameAppConfig' - consider declaring the factory method as static for independence from its containing instance. Factory method 'dataSource' threw exception; nested exception is java.lang.NullPointerException; nested exception is org.springframework.beans.factory.BeanCreationException: Error creating bean with name 'sqlSessionFactory' defined in com.live106.mars.game.config.GameAppConfig: Bean instantiation via factory method failed; nested exception is org.springframework.beans.BeanInstantiationException: Failed to instantiate [org.apache.ibatis.session.SqlSessionFactory]: Circular reference involving containing bean 'gameAppConfig' - consider declaring the factory method as static for independence from its containing instance. Factory method 'sqlSessionFactory' threw exception; nested exception is org.springframework.beans.factory.BeanCreationException: Error creating bean with name 'dataSource' defined in com.live106.mars.game.config.GameAppConfig: Bean instantiation via factory method failed; nested exception is org.springframework.beans.BeanInstantiationException: Failed to instantiate [javax.sql.DataSource]: Circular reference involving containing bean 'gameAppConfig' - consider declaring the factory method as static for independence from its containing instance. Factory method 'dataSource' threw exception; nested exception is java.lang.NullPointerException 
17:05:02.971 [main] INFO  o.s.j.d.DriverManagerDataSource - Loaded JDBC driver: com.mysql.jdbc.Driver 
17:05:03.186 [main] INFO  r.clients.jedis.JedisSentinelPool - Trying to find master from available Sentinels... 
17:05:03.217 [main] INFO  r.clients.jedis.JedisSentinelPool - Redis master running at 10.150.1.206:8001, starting Sentinel listeners... 
17:05:03.270 [main] INFO  r.clients.jedis.JedisSentinelPool - Created JedisPool to master at 10.150.1.206:8001 
17:05:03.318 [main] INFO  com.live106.mars.game.GameRunner - Started GameRunner in 0.778 seconds (JVM running for 1.215) 
17:05:03.318 [main] INFO  com.live106.mars.game.GameRunner - Game server started at Mon Nov 16 17:05:03 CST 2015. 
17:05:14.994 [thrift-pool-game-1-thread-2] DEBUG c.l.mars.game.service.PlayerService - User 7842 check randomKey 78421
lupY7myNlwP/Q5HTDF0jxQ== OK. 
17:05:14.995 [thrift-pool-game-1-thread-2] DEBUG c.l.m.game.rpc.GamePlayerServiceRpc - user 7842 connect to game server true 
17:14:55.549 [main] INFO  com.live106.mars.game.GameRunner - Starting GameRunner on dell-PC with PID 4728 (E:\workspace\Server\Projects\Mars-Game\bin started by dell in E:\workspace\Server\Projects\Mars-Game) 
17:14:55.551 [main] DEBUG com.live106.mars.game.GameRunner - Running with Spring Boot v1.2.6.RELEASE, Spring v4.2.1.RELEASE 
17:14:55.588 [main] INFO  o.s.c.a.AnnotationConfigApplicationContext - Refreshing org.springframework.context.annotation.AnnotationConfigApplicationContext@614ca7df: startup date [Mon Nov 16 17:14:55 CST 2015]; root of context hierarchy 
17:14:55.786 [main] WARN  o.s.b.f.s.DefaultListableBeanFactory - Bean creation exception on FactoryBean type check: org.springframework.beans.factory.UnsatisfiedDependencyException: Error creating bean with name 'playerMapper' defined in file [E:\workspace\Server\Projects\Mars-Game\bin\com\live106\mars\game\db\mapper\PlayerMapper.class]: Unsatisfied dependency expressed through bean property 'sqlSessionFactory': : Error creating bean with name 'sqlSessionFactory' defined in com.live106.mars.game.config.GameAppConfig: Bean instantiation via factory method failed; nested exception is org.springframework.beans.BeanInstantiationException: Failed to instantiate [org.apache.ibatis.session.SqlSessionFactory]: Circular reference involving containing bean 'gameAppConfig' - consider declaring the factory method as static for independence from its containing instance. Factory method 'sqlSessionFactory' threw exception; nested exception is org.springframework.beans.factory.BeanCreationException: Error creating bean with name 'dataSource' defined in com.live106.mars.game.config.GameAppConfig: Bean instantiation via factory method failed; nested exception is org.springframework.beans.BeanInstantiationException: Failed to instantiate [javax.sql.DataSource]: Circular reference involving containing bean 'gameAppConfig' - consider declaring the factory method as static for independence from its containing instance. Factory method 'dataSource' threw exception; nested exception is java.lang.NullPointerException; nested exception is org.springframework.beans.factory.BeanCreationException: Error creating bean with name 'sqlSessionFactory' defined in com.live106.mars.game.config.GameAppConfig: Bean instantiation via factory method failed; nested exception is org.springframework.beans.BeanInstantiationException: Failed to instantiate [org.apache.ibatis.session.SqlSessionFactory]: Circular reference involving containing bean 'gameAppConfig' - consider declaring the factory method as static for independence from its containing instance. Factory method 'sqlSessionFactory' threw exception; nested exception is org.springframework.beans.factory.BeanCreationException: Error creating bean with name 'dataSource' defined in com.live106.mars.game.config.GameAppConfig: Bean instantiation via factory method failed; nested exception is org.springframework.beans.BeanInstantiationException: Failed to instantiate [javax.sql.DataSource]: Circular reference involving containing bean 'gameAppConfig' - consider declaring the factory method as static for independence from its containing instance. Factory method 'dataSource' threw exception; nested exception is java.lang.NullPointerException 
17:14:55.794 [main] INFO  o.s.j.d.DriverManagerDataSource - Loaded JDBC driver: com.mysql.jdbc.Driver 
17:14:56.007 [main] INFO  r.clients.jedis.JedisSentinelPool - Trying to find master from available Sentinels... 
17:14:56.037 [main] INFO  r.clients.jedis.JedisSentinelPool - Redis master running at 10.150.1.206:8001, starting Sentinel listeners... 
17:14:56.089 [main] INFO  r.clients.jedis.JedisSentinelPool - Created JedisPool to master at 10.150.1.206:8001 
17:14:56.144 [main] INFO  com.live106.mars.game.GameRunner - Started GameRunner in 0.789 seconds (JVM running for 1.441) 
17:14:56.144 [main] INFO  com.live106.mars.game.GameRunner - Game server started at Mon Nov 16 17:14:56 CST 2015. 
17:15:11.049 [thrift-pool-game-1-2] DEBUG c.l.mars.game.service.PlayerService - User 7809 check randomKey 78090
d2NILoZjvL1fPMjdrJ3mlQ== OK. 
17:15:11.050 [thrift-pool-game-1-2] DEBUG c.l.m.game.rpc.GamePlayerServiceRpc - user 7809 connect to game server true 
17:16:00.821 [thrift-pool-game-1-2] DEBUG c.l.mars.game.service.PlayerService - User 7843 check randomKey 78431
hwmvwMETtOtNZc+98ZuZOA== OK. 
17:16:00.821 [thrift-pool-game-1-2] DEBUG c.l.m.game.rpc.GamePlayerServiceRpc - user 7843 connect to game server true 
17:16:00.823 [thrift-pool-game-1-4] DEBUG c.l.mars.game.service.PlayerService - User 7844 check randomKey 78441
AcHc8SYnWGM9N8RDdKo8mw== OK. 
17:16:00.823 [thrift-pool-game-1-4] DEBUG c.l.m.game.rpc.GamePlayerServiceRpc - user 7844 connect to game server true 
17:16:37.845 [thrift-pool-game-1-4] DEBUG c.l.mars.game.service.PlayerService - User 7846 check randomKey 78461
mN7ABgD4Jel5gp3OI7eaEw== OK. 
17:16:37.845 [thrift-pool-game-1-4] DEBUG c.l.m.game.rpc.GamePlayerServiceRpc - user 7846 connect to game server true 
17:16:37.846 [thrift-pool-game-1-2] DEBUG c.l.mars.game.service.PlayerService - User 7847 check randomKey 78471
IxfXTeT4eI6bGwu3r/iMbg== OK. 
17:16:37.846 [thrift-pool-game-1-2] DEBUG c.l.m.game.rpc.GamePlayerServiceRpc - user 7847 connect to game server true 
17:16:37.858 [thrift-pool-game-1-7] DEBUG c.l.mars.game.service.PlayerService - User 7845 check randomKey 78451
eppzVz9OeZA7OXb519zHfw== OK. 
17:16:37.858 [thrift-pool-game-1-7] DEBUG c.l.m.game.rpc.GamePlayerServiceRpc - user 7845 connect to game server true 
17:16:37.874 [thrift-pool-game-1-7] DEBUG c.l.mars.game.service.PlayerService - User 7848 check randomKey 78481
57z3ubeM9gnmoLQaJYKAFQ== OK. 
17:16:37.875 [thrift-pool-game-1-7] DEBUG c.l.m.game.rpc.GamePlayerServiceRpc - user 7848 connect to game server true 
17:16:37.884 [thrift-pool-game-1-7] DEBUG c.l.mars.game.service.PlayerService - User 7849 check randomKey 78491
qzDcWk1URYZw7nb3josOcA== OK. 
17:16:37.884 [thrift-pool-game-1-7] DEBUG c.l.m.game.rpc.GamePlayerServiceRpc - user 7849 connect to game server true 
17:18:07.854 [thrift-pool-game-1-7] DEBUG c.l.mars.game.service.PlayerService - User 7809 check randomKey 78090
d2NILoZjvL1fPMjdrJ3mlQ== OK. 
17:18:07.854 [thrift-pool-game-1-7] DEBUG c.l.m.game.rpc.GamePlayerServiceRpc - user 7809 connect to game server true 
17:20:40.185 [thrift-pool-game-1-7] DEBUG c.l.mars.game.service.PlayerService - User 7809 check randomKey 78090
d2NILoZjvL1fPMjdrJ3mlQ== OK. 
17:20:40.186 [thrift-pool-game-1-7] DEBUG c.l.m.game.rpc.GamePlayerServiceRpc - user 7809 connect to game server true 
17:21:11.282 [thrift-pool-game-1-7] DEBUG c.l.mars.game.service.PlayerService - User 7809 check randomKey 78090
d2NILoZjvL1fPMjdrJ3mlQ== OK. 
17:21:11.282 [thrift-pool-game-1-7] DEBUG c.l.m.game.rpc.GamePlayerServiceRpc - user 7809 connect to game server true 
17:27:50.447 [thrift-pool-game-1-7] DEBUG c.l.mars.game.service.PlayerService - User 7850 check randomKey 78501
L/VObKGVTfVuqgM+f7ungw== OK. 
17:27:50.447 [thrift-pool-game-1-7] DEBUG c.l.m.game.rpc.GamePlayerServiceRpc - user 7850 connect to game server true 
17:28:36.867 [thrift-pool-game-1-7] DEBUG c.l.mars.game.service.PlayerService - User 7851 check randomKey 78511
swy/DTrzlujzY3Os5RNeQA== OK. 
17:28:36.867 [thrift-pool-game-1-7] DEBUG c.l.m.game.rpc.GamePlayerServiceRpc - user 7851 connect to game server true 
17:30:34.767 [thrift-pool-game-1-7] DEBUG c.l.mars.game.service.PlayerService - User 7852 check randomKey 78521
39YYAwUag201K1HC6MC/CA== OK. 
17:30:34.767 [thrift-pool-game-1-7] DEBUG c.l.m.game.rpc.GamePlayerServiceRpc - user 7852 connect to game server true 
17:31:40.275 [thrift-pool-game-1-7] DEBUG c.l.mars.game.service.PlayerService - User 7809 check randomKey 78090
d2NILoZjvL1fPMjdrJ3mlQ== OK. 
17:31:40.275 [thrift-pool-game-1-7] DEBUG c.l.m.game.rpc.GamePlayerServiceRpc - user 7809 connect to game server true 
17:38:52.060 [thrift-pool-game-1-7] DEBUG c.l.mars.game.service.PlayerService - User 7809 check randomKey 78090
d2NILoZjvL1fPMjdrJ3mlQ== OK. 
17:38:52.061 [thrift-pool-game-1-7] DEBUG c.l.m.game.rpc.GamePlayerServiceRpc - user 7809 connect to game server true 
17:39:10.956 [thrift-pool-game-1-7] DEBUG c.l.mars.game.service.PlayerService - User 7809 check randomKey 78090
d2NILoZjvL1fPMjdrJ3mlQ== OK. 
17:39:10.956 [thrift-pool-game-1-7] DEBUG c.l.m.game.rpc.GamePlayerServiceRpc - user 7809 connect to game server true 
17:40:00.755 [thrift-pool-game-1-7] DEBUG c.l.mars.game.service.PlayerService - User 7809 check randomKey 78090
d2NILoZjvL1fPMjdrJ3mlQ== OK. 
17:40:00.755 [thrift-pool-game-1-7] DEBUG c.l.m.game.rpc.GamePlayerServiceRpc - user 7809 connect to game server true 
17:42:52.997 [thrift-pool-game-1-7] DEBUG c.l.mars.game.service.PlayerService - User 7853 check randomKey 78531
XF7FMvpOysQgUJrP3QAGHw== OK. 
17:42:52.997 [thrift-pool-game-1-7] DEBUG c.l.m.game.rpc.GamePlayerServiceRpc - user 7853 connect to game server true 
17:44:40.214 [thrift-pool-game-1-7] DEBUG c.l.mars.game.service.PlayerService - User 7809 check randomKey 78090
d2NILoZjvL1fPMjdrJ3mlQ== OK. 
17:44:40.214 [thrift-pool-game-1-7] DEBUG c.l.m.game.rpc.GamePlayerServiceRpc - user 7809 connect to game server true 
17:45:26.633 [thrift-pool-game-1-7] DEBUG c.l.mars.game.service.PlayerService - User 7809 check randomKey 78090
d2NILoZjvL1fPMjdrJ3mlQ== OK. 
17:45:26.633 [thrift-pool-game-1-7] DEBUG c.l.m.game.rpc.GamePlayerServiceRpc - user 7809 connect to game server true 
17:45:57.464 [thrift-pool-game-1-7] DEBUG c.l.mars.game.service.PlayerService - User 7809 check randomKey 78090
d2NILoZjvL1fPMjdrJ3mlQ== OK. 
17:45:57.464 [thrift-pool-game-1-7] DEBUG c.l.m.game.rpc.GamePlayerServiceRpc - user 7809 connect to game server true 
17:46:41.527 [thrift-pool-game-1-7] DEBUG c.l.mars.game.service.PlayerService - User 7854 check randomKey 78541
EUDuEhk3QGWUS56VKIsebg== OK. 
17:46:41.527 [thrift-pool-game-1-7] DEBUG c.l.m.game.rpc.GamePlayerServiceRpc - user 7854 connect to game server true 
17:47:33.448 [thrift-pool-game-1-7] DEBUG c.l.mars.game.service.PlayerService - User 7809 check randomKey 78090
d2NILoZjvL1fPMjdrJ3mlQ== OK. 
17:47:33.448 [thrift-pool-game-1-7] DEBUG c.l.m.game.rpc.GamePlayerServiceRpc - user 7809 connect to game server true 
17:47:52.318 [thrift-pool-game-1-7] DEBUG c.l.mars.game.service.PlayerService - User 7855 check randomKey 78551
5olFWtd6mrHoXBsOZSPqFw== OK. 
17:47:52.318 [thrift-pool-game-1-7] DEBUG c.l.m.game.rpc.GamePlayerServiceRpc - user 7855 connect to game server true 
17:50:05.071 [thrift-pool-game-1-7] DEBUG c.l.mars.game.service.PlayerService - User 7856 check randomKey 78561
9vSt4XUB1FPxjfgPINGTdg== OK. 
17:50:05.071 [thrift-pool-game-1-7] DEBUG c.l.m.game.rpc.GamePlayerServiceRpc - user 7856 connect to game server true 
17:52:07.801 [thrift-pool-game-1-7] DEBUG c.l.mars.game.service.PlayerService - User 7809 check randomKey 78090
d2NILoZjvL1fPMjdrJ3mlQ== OK. 
17:52:07.801 [thrift-pool-game-1-7] DEBUG c.l.m.game.rpc.GamePlayerServiceRpc - user 7809 connect to game server true 
17:53:01.843 [thrift-pool-game-1-7] DEBUG c.l.mars.game.service.PlayerService - User 7809 check randomKey 78090
d2NILoZjvL1fPMjdrJ3mlQ== OK. 
17:53:01.843 [thrift-pool-game-1-7] DEBUG c.l.m.game.rpc.GamePlayerServiceRpc - user 7809 connect to game server true 
17:53:32.957 [thrift-pool-game-1-7] DEBUG c.l.mars.game.service.PlayerService - User 7857 check randomKey 78571
SHT/hLIlDhBDMpaDhqynbg== OK. 
17:53:32.957 [thrift-pool-game-1-7] DEBUG c.l.m.game.rpc.GamePlayerServiceRpc - user 7857 connect to game server true 
17:53:41.735 [thrift-pool-game-1-7] DEBUG c.l.mars.game.service.PlayerService - User 7809 check randomKey 78090
d2NILoZjvL1fPMjdrJ3mlQ== OK. 
17:53:41.736 [thrift-pool-game-1-7] DEBUG c.l.m.game.rpc.GamePlayerServiceRpc - user 7809 connect to game server true 
17:54:40.853 [thrift-pool-game-1-7] DEBUG c.l.mars.game.service.PlayerService - User 7809 check randomKey 78090
d2NILoZjvL1fPMjdrJ3mlQ== OK. 
17:54:40.853 [thrift-pool-game-1-7] DEBUG c.l.m.game.rpc.GamePlayerServiceRpc - user 7809 connect to game server true 
17:56:37.439 [thrift-pool-game-1-7] DEBUG c.l.mars.game.service.PlayerService - User 7858 check randomKey 78581
fA1g9gGUBBS5FjH3AMcdIQ== OK. 
17:56:37.440 [thrift-pool-game-1-7] DEBUG c.l.m.game.rpc.GamePlayerServiceRpc - user 7858 connect to game server true 
17:56:54.993 [thrift-pool-game-1-7] DEBUG c.l.mars.game.service.PlayerService - User 7859 check randomKey 78591
P6VCTvliwbIqyHOWKFPybw== OK. 
17:56:54.993 [thrift-pool-game-1-7] DEBUG c.l.m.game.rpc.GamePlayerServiceRpc - user 7859 connect to game server true 
18:01:09.517 [thrift-pool-game-1-7] DEBUG c.l.mars.game.service.PlayerService - User 7860 check randomKey 78601
OiWDQaOZ1fjRQJMGXJwOqg== OK. 
18:01:09.517 [thrift-pool-game-1-7] DEBUG c.l.m.game.rpc.GamePlayerServiceRpc - user 7860 connect to game server true 
18:02:09.640 [thrift-pool-game-1-7] DEBUG c.l.mars.game.service.PlayerService - User 7861 check randomKey 78611
Y/A2Fvrbkt2sTr2LCEDJXA== OK. 
18:02:09.640 [thrift-pool-game-1-7] DEBUG c.l.m.game.rpc.GamePlayerServiceRpc - user 7861 connect to game server true 
18:02:27.718 [thrift-pool-game-1-7] DEBUG c.l.mars.game.service.PlayerService - User 7862 check randomKey 78621
d+qTh+eHvmDHJLcfqO9Yzw== OK. 
18:02:27.718 [thrift-pool-game-1-7] DEBUG c.l.m.game.rpc.GamePlayerServiceRpc - user 7862 connect to game server true 
18:04:12.420 [thrift-pool-game-1-7] DEBUG c.l.mars.game.service.PlayerService - User 7863 check randomKey 78631
Tws+7lGtySWTI3vRvouwvQ== OK. 
18:04:12.420 [thrift-pool-game-1-7] DEBUG c.l.m.game.rpc.GamePlayerServiceRpc - user 7863 connect to game server true 
18:06:06.464 [thrift-pool-game-1-7] DEBUG c.l.mars.game.service.PlayerService - User 7864 check randomKey 78641
A2aOO4t6HvgpInN1lMl7Lw== OK. 
18:06:06.465 [thrift-pool-game-1-7] DEBUG c.l.m.game.rpc.GamePlayerServiceRpc - user 7864 connect to game server true 
18:06:43.129 [thrift-pool-game-1-7] DEBUG c.l.mars.game.service.PlayerService - User 7865 check randomKey 78651
T4SJiAaEmNziJgpnag2MPg== OK. 
18:06:43.129 [thrift-pool-game-1-7] DEBUG c.l.m.game.rpc.GamePlayerServiceRpc - user 7865 connect to game server true 
18:08:33.191 [thrift-pool-game-1-7] DEBUG c.l.mars.game.service.PlayerService - User 7866 check randomKey 78661
1WQn4FhRfOKR/tU71G7+KA== OK. 
18:08:33.191 [thrift-pool-game-1-7] DEBUG c.l.m.game.rpc.GamePlayerServiceRpc - user 7866 connect to game server true 
18:14:08.697 [thrift-pool-game-1-7] DEBUG c.l.mars.game.service.PlayerService - User 7809 check randomKey 78090
d2NILoZjvL1fPMjdrJ3mlQ== OK. 
18:14:08.697 [thrift-pool-game-1-7] DEBUG c.l.m.game.rpc.GamePlayerServiceRpc - user 7809 connect to game server true 
18:15:04.237 [thrift-pool-game-1-7] DEBUG c.l.mars.game.service.PlayerService - User 7809 check randomKey 78090
d2NILoZjvL1fPMjdrJ3mlQ== OK. 
18:15:04.238 [thrift-pool-game-1-7] DEBUG c.l.m.game.rpc.GamePlayerServiceRpc - user 7809 connect to game server true 
18:18:50.078 [thrift-pool-game-1-7] DEBUG c.l.mars.game.service.PlayerService - User 7809 check randomKey 78090
d2NILoZjvL1fPMjdrJ3mlQ== OK. 
18:18:50.079 [thrift-pool-game-1-7] DEBUG c.l.m.game.rpc.GamePlayerServiceRpc - user 7809 connect to game server true 
18:21:29.028 [thrift-pool-game-1-7] DEBUG c.l.mars.game.service.PlayerService - User 7867 check randomKey 78671
A59Ax9fLLzALMY9dca+IyQ== OK. 
18:21:29.028 [thrift-pool-game-1-7] DEBUG c.l.m.game.rpc.GamePlayerServiceRpc - user 7867 connect to game server true 
18:22:15.128 [thrift-pool-game-1-7] DEBUG c.l.mars.game.service.PlayerService - User 7809 check randomKey 78090
d2NILoZjvL1fPMjdrJ3mlQ== OK. 
18:22:15.128 [thrift-pool-game-1-7] DEBUG c.l.m.game.rpc.GamePlayerServiceRpc - user 7809 connect to game server true 
18:22:42.583 [thrift-pool-game-1-7] DEBUG c.l.mars.game.service.PlayerService - User 7868 check randomKey 78681
+uGxWbpBGZcI2p1P8XNbeQ== OK. 
18:22:42.583 [thrift-pool-game-1-7] DEBUG c.l.m.game.rpc.GamePlayerServiceRpc - user 7868 connect to game server true 
18:22:45.310 [thrift-pool-game-1-7] DEBUG c.l.mars.game.service.PlayerService - User 7809 check randomKey 78090
d2NILoZjvL1fPMjdrJ3mlQ== OK. 
18:22:45.311 [thrift-pool-game-1-7] DEBUG c.l.m.game.rpc.GamePlayerServiceRpc - user 7809 connect to game server true 
18:23:14.762 [thrift-pool-game-1-7] DEBUG c.l.mars.game.service.PlayerService - User 7869 check randomKey 78691
AZgU+M2sPnoLIHYaFXMU1g== OK. 
18:23:14.763 [thrift-pool-game-1-7] DEBUG c.l.m.game.rpc.GamePlayerServiceRpc - user 7869 connect to game server true 
18:23:28.183 [thrift-pool-game-1-7] DEBUG c.l.mars.game.service.PlayerService - User 7809 check randomKey 78090
d2NILoZjvL1fPMjdrJ3mlQ== OK. 
18:23:28.183 [thrift-pool-game-1-7] DEBUG c.l.m.game.rpc.GamePlayerServiceRpc - user 7809 connect to game server true 
18:23:29.500 [thrift-pool-game-1-7] DEBUG c.l.mars.game.service.PlayerService - User 7870 check randomKey 78701
Ba0WxiIQXvlz01Q+9neivA== OK. 
18:23:29.500 [thrift-pool-game-1-7] DEBUG c.l.m.game.rpc.GamePlayerServiceRpc - user 7870 connect to game server true 
18:23:34.145 [thrift-pool-game-1-7] DEBUG c.l.mars.game.service.PlayerService - User 7809 check randomKey 78090
d2NILoZjvL1fPMjdrJ3mlQ== OK. 
18:23:34.145 [thrift-pool-game-1-7] DEBUG c.l.m.game.rpc.GamePlayerServiceRpc - user 7809 connect to game server true 
18:25:10.666 [thrift-pool-game-1-7] DEBUG c.l.mars.game.service.PlayerService - User 7809 check randomKey 78090
d2NILoZjvL1fPMjdrJ3mlQ== OK. 
18:25:10.667 [thrift-pool-game-1-7] DEBUG c.l.m.game.rpc.GamePlayerServiceRpc - user 7809 connect to game server true 
18:25:44.188 [thrift-pool-game-1-7] DEBUG c.l.mars.game.service.PlayerService - User 7809 check randomKey 78090
d2NILoZjvL1fPMjdrJ3mlQ== OK. 
18:25:44.188 [thrift-pool-game-1-7] DEBUG c.l.m.game.rpc.GamePlayerServiceRpc - user 7809 connect to game server true 
18:30:46.585 [thrift-pool-game-1-7] DEBUG c.l.mars.game.service.PlayerService - User 7809 check randomKey 78090
d2NILoZjvL1fPMjdrJ3mlQ== OK. 
18:30:46.585 [thrift-pool-game-1-7] DEBUG c.l.m.game.rpc.GamePlayerServiceRpc - user 7809 connect to game server true 
18:32:31.380 [thrift-pool-game-1-7] DEBUG c.l.mars.game.service.PlayerService - User 7809 check randomKey 78090
d2NILoZjvL1fPMjdrJ3mlQ== OK. 
18:32:31.380 [thrift-pool-game-1-7] DEBUG c.l.m.game.rpc.GamePlayerServiceRpc - user 7809 connect to game server true 
18:32:40.986 [thrift-pool-game-1-7] DEBUG c.l.mars.game.service.PlayerService - User 7871 check randomKey 78711
Zph6Nqgi8E9iWsfr+UMQ+A== OK. 
18:32:40.986 [thrift-pool-game-1-7] DEBUG c.l.m.game.rpc.GamePlayerServiceRpc - user 7871 connect to game server true 
18:35:20.282 [thrift-pool-game-1-7] DEBUG c.l.mars.game.service.PlayerService - User 7809 check randomKey 78090
d2NILoZjvL1fPMjdrJ3mlQ== OK. 
18:35:20.283 [thrift-pool-game-1-7] DEBUG c.l.m.game.rpc.GamePlayerServiceRpc - user 7809 connect to game server true 
18:36:16.563 [thrift-pool-game-1-7] DEBUG c.l.mars.game.service.PlayerService - User 7809 check randomKey 78090
d2NILoZjvL1fPMjdrJ3mlQ== OK. 
18:36:16.564 [thrift-pool-game-1-7] DEBUG c.l.m.game.rpc.GamePlayerServiceRpc - user 7809 connect to game server true 
18:36:32.790 [thrift-pool-game-1-7] DEBUG c.l.mars.game.service.PlayerService - User 7809 check randomKey 78090
d2NILoZjvL1fPMjdrJ3mlQ== OK. 
18:36:32.790 [thrift-pool-game-1-7] DEBUG c.l.m.game.rpc.GamePlayerServiceRpc - user 7809 connect to game server true 
18:39:08.417 [thrift-pool-game-1-7] DEBUG c.l.mars.game.service.PlayerService - User 7809 check randomKey 78090
d2NILoZjvL1fPMjdrJ3mlQ== OK. 
18:39:08.417 [thrift-pool-game-1-7] DEBUG c.l.m.game.rpc.GamePlayerServiceRpc - user 7809 connect to game server true 
18:39:49.177 [thrift-pool-game-1-7] DEBUG c.l.mars.game.service.PlayerService - User 7809 check randomKey 78090
d2NILoZjvL1fPMjdrJ3mlQ== OK. 
18:39:49.178 [thrift-pool-game-1-7] DEBUG c.l.m.game.rpc.GamePlayerServiceRpc - user 7809 connect to game server true 
18:40:40.313 [thrift-pool-game-1-7] DEBUG c.l.mars.game.service.PlayerService - User 7809 check randomKey 78090
d2NILoZjvL1fPMjdrJ3mlQ== OK. 
18:40:40.313 [thrift-pool-game-1-7] DEBUG c.l.m.game.rpc.GamePlayerServiceRpc - user 7809 connect to game server true 
18:42:07.494 [thrift-pool-game-1-7] DEBUG c.l.mars.game.service.PlayerService - User 7809 check randomKey 78090
d2NILoZjvL1fPMjdrJ3mlQ== OK. 
18:42:07.494 [thrift-pool-game-1-7] DEBUG c.l.m.game.rpc.GamePlayerServiceRpc - user 7809 connect to game server true 
18:42:43.636 [thrift-pool-game-1-7] DEBUG c.l.mars.game.service.PlayerService - User 7809 check randomKey 78090
d2NILoZjvL1fPMjdrJ3mlQ== OK. 
18:42:43.636 [thrift-pool-game-1-7] DEBUG c.l.m.game.rpc.GamePlayerServiceRpc - user 7809 connect to game server true 
18:43:08.491 [thrift-pool-game-1-7] DEBUG c.l.mars.game.service.PlayerService - User 7809 check randomKey 78090
d2NILoZjvL1fPMjdrJ3mlQ== OK. 
18:43:08.491 [thrift-pool-game-1-7] DEBUG c.l.m.game.rpc.GamePlayerServiceRpc - user 7809 connect to game server true 
18:43:59.112 [thrift-pool-game-1-7] DEBUG c.l.mars.game.service.PlayerService - User 7809 check randomKey 78090
d2NILoZjvL1fPMjdrJ3mlQ== OK. 
18:43:59.112 [thrift-pool-game-1-7] DEBUG c.l.m.game.rpc.GamePlayerServiceRpc - user 7809 connect to game server true 
18:44:57.258 [thrift-pool-game-1-7] DEBUG c.l.mars.game.service.PlayerService - User 7809 check randomKey 78090
d2NILoZjvL1fPMjdrJ3mlQ== OK. 
18:44:57.258 [thrift-pool-game-1-7] DEBUG c.l.m.game.rpc.GamePlayerServiceRpc - user 7809 connect to game server true 
18:50:35.177 [thrift-pool-game-1-7] DEBUG c.l.mars.game.service.PlayerService - User 7809 check randomKey 78090
d2NILoZjvL1fPMjdrJ3mlQ== OK. 
18:50:35.177 [thrift-pool-game-1-7] DEBUG c.l.m.game.rpc.GamePlayerServiceRpc - user 7809 connect to game server true 
18:52:13.441 [thrift-pool-game-1-7] DEBUG c.l.mars.game.service.PlayerService - User 7872 check randomKey 78721
QEzb/ykWCQAd8PM08FxqlA== OK. 
18:52:13.441 [thrift-pool-game-1-7] DEBUG c.l.m.game.rpc.GamePlayerServiceRpc - user 7872 connect to game server true 
18:52:25.610 [thrift-pool-game-1-7] DEBUG c.l.mars.game.service.PlayerService - User 7809 check randomKey 78090
d2NILoZjvL1fPMjdrJ3mlQ== OK. 
18:52:25.611 [thrift-pool-game-1-7] DEBUG c.l.m.game.rpc.GamePlayerServiceRpc - user 7809 connect to game server true 
18:52:31.229 [thrift-pool-game-1-7] DEBUG c.l.mars.game.service.PlayerService - User 7873 check randomKey 78731
m8QTHFjGIDBAz5NxNddGuA== OK. 
18:52:31.229 [thrift-pool-game-1-7] DEBUG c.l.m.game.rpc.GamePlayerServiceRpc - user 7873 connect to game server true 
18:52:36.178 [thrift-pool-game-1-7] DEBUG c.l.mars.game.service.PlayerService - User 7874 check randomKey 78741
3mk1Frg10yMmkd/K+9WTFw== OK. 
18:52:36.178 [thrift-pool-game-1-7] DEBUG c.l.m.game.rpc.GamePlayerServiceRpc - user 7874 connect to game server true 
18:55:21.331 [thrift-pool-game-1-7] DEBUG c.l.mars.game.service.PlayerService - User 7809 check randomKey 78090
d2NILoZjvL1fPMjdrJ3mlQ== OK. 
18:55:21.331 [thrift-pool-game-1-7] DEBUG c.l.m.game.rpc.GamePlayerServiceRpc - user 7809 connect to game server true 
18:56:47.647 [thrift-pool-game-1-7] DEBUG c.l.mars.game.service.PlayerService - User 7875 check randomKey 78751
jKIu73/hVm7ODwgE/S6vkg== OK. 
18:56:47.648 [thrift-pool-game-1-7] DEBUG c.l.m.game.rpc.GamePlayerServiceRpc - user 7875 connect to game server true 
18:57:52.142 [thrift-pool-game-1-7] DEBUG c.l.mars.game.service.PlayerService - User 7876 check randomKey 78761
5RhjUOVr468FTAH6kvLUcg== OK. 
18:57:52.142 [thrift-pool-game-1-7] DEBUG c.l.m.game.rpc.GamePlayerServiceRpc - user 7876 connect to game server true 
19:13:29.292 [thrift-pool-game-1-7] DEBUG c.l.mars.game.service.PlayerService - User 7877 check randomKey 78771
/ROd+kC8rJ/KiCGjuLQTsA== OK. 
19:13:29.293 [thrift-pool-game-1-7] DEBUG c.l.m.game.rpc.GamePlayerServiceRpc - user 7877 connect to game server true 
19:16:13.212 [thrift-pool-game-1-7] DEBUG c.l.mars.game.service.PlayerService - User 7878 check randomKey 78781
xk65s+7seQK/OmW4PVrDWg== OK. 
19:16:13.212 [thrift-pool-game-1-7] DEBUG c.l.m.game.rpc.GamePlayerServiceRpc - user 7878 connect to game server true 
19:17:51.364 [thrift-pool-game-1-7] DEBUG c.l.mars.game.service.PlayerService - User 7879 check randomKey 78791
BxY7Hb4zOSAaqNmseEi4MQ== OK. 
19:17:51.365 [thrift-pool-game-1-7] DEBUG c.l.m.game.rpc.GamePlayerServiceRpc - user 7879 connect to game server true 
19:18:05.435 [thrift-pool-game-1-7] DEBUG c.l.mars.game.service.PlayerService - User 7880 check randomKey 78801
3g9z1NRIS6ecyhrFTTPflw== OK. 
19:18:05.436 [thrift-pool-game-1-7] DEBUG c.l.m.game.rpc.GamePlayerServiceRpc - user 7880 connect to game server true 
19:18:39.874 [thrift-pool-game-1-7] DEBUG c.l.mars.game.service.PlayerService - User 7881 check randomKey 78811
PKQ15bOq+XRnwdMFmdqu+Q== OK. 
19:18:39.874 [thrift-pool-game-1-7] DEBUG c.l.m.game.rpc.GamePlayerServiceRpc - user 7881 connect to game server true 
19:19:32.122 [thrift-pool-game-1-7] DEBUG c.l.mars.game.service.PlayerService - User 7882 check randomKey 78821
YoolH2GWOMizKUr5v8CDxA== OK. 
19:19:32.122 [thrift-pool-game-1-7] DEBUG c.l.m.game.rpc.GamePlayerServiceRpc - user 7882 connect to game server true 
19:19:43.410 [thrift-pool-game-1-7] DEBUG c.l.mars.game.service.PlayerService - User 7883 check randomKey 78831
GU6QsCs/RX7DcnJBlPBUIg== OK. 
19:19:43.410 [thrift-pool-game-1-7] DEBUG c.l.m.game.rpc.GamePlayerServiceRpc - user 7883 connect to game server true 
19:21:51.789 [thrift-pool-game-1-7] DEBUG c.l.mars.game.service.PlayerService - User 7884 check randomKey 78841
/TwRbUAsCGztn5D9BQM/Kg== OK. 
19:21:51.790 [thrift-pool-game-1-7] DEBUG c.l.m.game.rpc.GamePlayerServiceRpc - user 7884 connect to game server true 
19:24:50.258 [thrift-pool-game-1-7] DEBUG c.l.mars.game.service.PlayerService - User 7885 check randomKey 78851
2mOA8Bv6mHNma9DAQgS53Q== OK. 
19:24:50.258 [thrift-pool-game-1-7] DEBUG c.l.m.game.rpc.GamePlayerServiceRpc - user 7885 connect to game server true 
19:25:02.649 [thrift-pool-game-1-7] DEBUG c.l.mars.game.service.PlayerService - User 7886 check randomKey 78861
wfDJpDQRieYzCnM/B0CiwA== OK. 
19:25:02.649 [thrift-pool-game-1-7] DEBUG c.l.m.game.rpc.GamePlayerServiceRpc - user 7886 connect to game server true 
19:27:40.162 [thrift-pool-game-1-7] DEBUG c.l.mars.game.service.PlayerService - User 7887 check randomKey 78871
G0Tioa9bq+XMXV9FmJ0e5g== OK. 
19:27:40.162 [thrift-pool-game-1-7] DEBUG c.l.m.game.rpc.GamePlayerServiceRpc - user 7887 connect to game server true 
19:27:49.864 [thrift-pool-game-1-7] DEBUG c.l.mars.game.service.PlayerService - User 7888 check randomKey 78881
qsAATNi4WWcqiYsUhB6aBg== OK. 
19:27:49.864 [thrift-pool-game-1-7] DEBUG c.l.m.game.rpc.GamePlayerServiceRpc - user 7888 connect to game server true 
19:27:49.880 [thrift-pool-game-1-7] DEBUG c.l.mars.game.service.PlayerService - User 7889 check randomKey 78891
hsSGeXajp67LhFd9uoT5zQ== OK. 
19:27:49.881 [thrift-pool-game-1-7] DEBUG c.l.m.game.rpc.GamePlayerServiceRpc - user 7889 connect to game server true 
19:27:58.704 [thrift-pool-game-1-7] DEBUG c.l.mars.game.service.PlayerService - User 7890 check randomKey 78901
wWQV6u0hG+HQdUxcx+mchA== OK. 
19:27:58.705 [thrift-pool-game-1-7] DEBUG c.l.m.game.rpc.GamePlayerServiceRpc - user 7890 connect to game server true 
19:27:58.714 [thrift-pool-game-1-7] DEBUG c.l.mars.game.service.PlayerService - User 7891 check randomKey 78911
Z5sDyUsqZnwJy0sKuZwh6Q== OK. 
19:27:58.715 [thrift-pool-game-1-7] DEBUG c.l.m.game.rpc.GamePlayerServiceRpc - user 7891 connect to game server true 
19:28:34.577 [thrift-pool-game-1-7] DEBUG c.l.mars.game.service.PlayerService - User 7892 check randomKey 78921
9tpII6V6N6p7rGwGAnAJIQ== OK. 
19:28:34.577 [thrift-pool-game-1-7] DEBUG c.l.m.game.rpc.GamePlayerServiceRpc - user 7892 connect to game server true 
19:28:40.661 [thrift-pool-game-1-7] DEBUG c.l.mars.game.service.PlayerService - User 7893 check randomKey 78931
uGfCVjWDY8/4ZwJoT52dCQ== OK. 
19:28:40.661 [thrift-pool-game-1-7] DEBUG c.l.m.game.rpc.GamePlayerServiceRpc - user 7893 connect to game server true 
19:28:40.676 [thrift-pool-game-1-7] DEBUG c.l.mars.game.service.PlayerService - User 7894 check randomKey 78941
fC+Q4fQL+Dge/V13bt/CqQ== OK. 
19:28:40.676 [thrift-pool-game-1-7] DEBUG c.l.m.game.rpc.GamePlayerServiceRpc - user 7894 connect to game server true 
19:31:09.217 [thrift-pool-game-1-7] DEBUG c.l.mars.game.service.PlayerService - User 7895 check randomKey 78951
vs9iK7zT07xw+XFyG2kzhg== OK. 
19:31:09.217 [thrift-pool-game-1-7] DEBUG c.l.m.game.rpc.GamePlayerServiceRpc - user 7895 connect to game server true 
19:32:05.657 [thrift-pool-game-1-7] DEBUG c.l.mars.game.service.PlayerService - User 7896 check randomKey 78961
29i4O1wy0ispWgGZPXmZBQ== OK. 
19:32:05.658 [thrift-pool-game-1-7] DEBUG c.l.m.game.rpc.GamePlayerServiceRpc - user 7896 connect to game server true 
19:32:05.688 [thrift-pool-game-1-7] DEBUG c.l.mars.game.service.PlayerService - User 7897 check randomKey 78971
PBNQ58gzTOy6nau7NflF2g== OK. 
19:32:05.688 [thrift-pool-game-1-7] DEBUG c.l.m.game.rpc.GamePlayerServiceRpc - user 7897 connect to game server true 
19:32:05.711 [thrift-pool-game-1-7] DEBUG c.l.mars.game.service.PlayerService - User 7898 check randomKey 78981
DwtRs1V6TTNvDBj8hnqecQ== OK. 
19:32:05.711 [thrift-pool-game-1-7] DEBUG c.l.m.game.rpc.GamePlayerServiceRpc - user 7898 connect to game server true 
19:32:05.724 [thrift-pool-game-1-7] DEBUG c.l.mars.game.service.PlayerService - User 7899 check randomKey 78991
tF6iGUWv8GJFMHCmcft6QA== OK. 
19:32:05.724 [thrift-pool-game-1-7] DEBUG c.l.m.game.rpc.GamePlayerServiceRpc - user 7899 connect to game server true 
19:32:05.726 [thrift-pool-game-1-7] DEBUG c.l.mars.game.service.PlayerService - User 7900 check randomKey 79001
N0fZc3JD8NFs73nNlscfiQ== OK. 
19:32:05.726 [thrift-pool-game-1-7] DEBUG c.l.m.game.rpc.GamePlayerServiceRpc - user 7900 connect to game server true 
19:32:05.778 [thrift-pool-game-1-7] DEBUG c.l.mars.game.service.PlayerService - User 7901 check randomKey 79011
S4fe1wsWwdo3EHtjRJVApw== OK. 
19:32:05.778 [thrift-pool-game-1-7] DEBUG c.l.m.game.rpc.GamePlayerServiceRpc - user 7901 connect to game server true 
19:32:05.843 [thrift-pool-game-1-7] DEBUG c.l.mars.game.service.PlayerService - User 7903 check randomKey 79031
dfoXMtvAStsjZHO2qC1LzQ== OK. 
19:32:05.843 [thrift-pool-game-1-7] DEBUG c.l.m.game.rpc.GamePlayerServiceRpc - user 7903 connect to game server true 
19:32:05.868 [thrift-pool-game-1-7] DEBUG c.l.mars.game.service.PlayerService - User 7902 check randomKey 79021
boKpH2dVgxDTuKe4+Hq9aw== OK. 
19:32:05.869 [thrift-pool-game-1-7] DEBUG c.l.m.game.rpc.GamePlayerServiceRpc - user 7902 connect to game server true 
19:32:05.937 [thrift-pool-game-1-7] DEBUG c.l.mars.game.service.PlayerService - User 7904 check randomKey 79041
CCtykcNL3UJhRA9XnKPjAA== OK. 
19:32:05.937 [thrift-pool-game-1-7] DEBUG c.l.m.game.rpc.GamePlayerServiceRpc - user 7904 connect to game server true 
19:32:05.954 [thrift-pool-game-1-7] DEBUG c.l.mars.game.service.PlayerService - User 7905 check randomKey 79051
FqpzQiLZ12QvWotcmC2hiA== OK. 
19:32:05.954 [thrift-pool-game-1-7] DEBUG c.l.m.game.rpc.GamePlayerServiceRpc - user 7905 connect to game server true 
19:32:06.035 [thrift-pool-game-1-7] DEBUG c.l.mars.game.service.PlayerService - User 7906 check randomKey 79061
tmfUEjZH2davRbXDF/rN2g== OK. 
19:32:06.035 [thrift-pool-game-1-7] DEBUG c.l.m.game.rpc.GamePlayerServiceRpc - user 7906 connect to game server true 
19:32:06.058 [thrift-pool-game-1-7] DEBUG c.l.mars.game.service.PlayerService - User 7907 check randomKey 79071
0LwqUSKRKhlQMhhCmyfToQ== OK. 
19:32:06.058 [thrift-pool-game-1-7] DEBUG c.l.m.game.rpc.GamePlayerServiceRpc - user 7907 connect to game server true 
19:32:06.062 [thrift-pool-game-1-7] DEBUG c.l.mars.game.service.PlayerService - User 7908 check randomKey 79081
eMFs3xPMfh4chvnj9bmYSQ== OK. 
19:32:06.063 [thrift-pool-game-1-7] DEBUG c.l.m.game.rpc.GamePlayerServiceRpc - user 7908 connect to game server true 
19:32:06.078 [thrift-pool-game-1-7] DEBUG c.l.mars.game.service.PlayerService - User 7909 check randomKey 79091
ksMTMCA5U3UifIMh8cNv4w== OK. 
19:32:06.079 [thrift-pool-game-1-7] DEBUG c.l.m.game.rpc.GamePlayerServiceRpc - user 7909 connect to game server true 
19:32:06.080 [thrift-pool-game-1-2] DEBUG c.l.mars.game.service.PlayerService - User 7910 check randomKey 79101
CV/5cJRuq28XcPHGzoUNXg== OK. 
19:32:06.080 [thrift-pool-game-1-2] DEBUG c.l.m.game.rpc.GamePlayerServiceRpc - user 7910 connect to game server true 
19:32:06.097 [thrift-pool-game-1-7] DEBUG c.l.mars.game.service.PlayerService - User 7911 check randomKey 79111
IKtkWhEgHLvOGzBE53Js6Q== OK. 
19:32:06.097 [thrift-pool-game-1-7] DEBUG c.l.m.game.rpc.GamePlayerServiceRpc - user 7911 connect to game server true 
19:32:06.125 [thrift-pool-game-1-7] DEBUG c.l.mars.game.service.PlayerService - User 7912 check randomKey 79121
MmjOXhU6uOaeWORU+u47NQ== OK. 
19:32:06.125 [thrift-pool-game-1-7] DEBUG c.l.m.game.rpc.GamePlayerServiceRpc - user 7912 connect to game server true 
19:32:06.130 [thrift-pool-game-1-7] DEBUG c.l.mars.game.service.PlayerService - User 7913 check randomKey 79131
VhrCfOea0gSgVk0ZMphang== OK. 
19:32:06.130 [thrift-pool-game-1-7] DEBUG c.l.m.game.rpc.GamePlayerServiceRpc - user 7913 connect to game server true 
19:32:06.171 [thrift-pool-game-1-7] DEBUG c.l.mars.game.service.PlayerService - User 7914 check randomKey 79141
bcNI5rr3exaDNStc7TzpbQ== OK. 
19:32:06.171 [thrift-pool-game-1-7] DEBUG c.l.m.game.rpc.GamePlayerServiceRpc - user 7914 connect to game server true 
19:32:06.184 [thrift-pool-game-1-7] DEBUG c.l.mars.game.service.PlayerService - User 7915 check randomKey 79151
f9fogntN59A57zkYgBd+UA== OK. 
19:32:06.184 [thrift-pool-game-1-7] DEBUG c.l.m.game.rpc.GamePlayerServiceRpc - user 7915 connect to game server true 
19:33:16.896 [thrift-pool-game-1-7] DEBUG c.l.mars.game.service.PlayerService - User 7916 check randomKey 79161
5f38Rqs1kxFWmrDJ3v4rrw== OK. 
19:33:16.896 [thrift-pool-game-1-7] DEBUG c.l.m.game.rpc.GamePlayerServiceRpc - user 7916 connect to game server true 
19:33:16.905 [thrift-pool-game-1-7] DEBUG c.l.mars.game.service.PlayerService - User 7917 check randomKey 79171
SxpqY77FeT75XJOLApT+vw== OK. 
19:33:16.906 [thrift-pool-game-1-7] DEBUG c.l.m.game.rpc.GamePlayerServiceRpc - user 7917 connect to game server true 
19:33:16.916 [thrift-pool-game-1-7] DEBUG c.l.mars.game.service.PlayerService - User 7918 check randomKey 79181
o6ZKJ0SJ8LnCE5cg7Frp9g== OK. 
19:33:16.917 [thrift-pool-game-1-7] DEBUG c.l.m.game.rpc.GamePlayerServiceRpc - user 7918 connect to game server true 
19:33:16.962 [thrift-pool-game-1-7] DEBUG c.l.mars.game.service.PlayerService - User 7919 check randomKey 79191
oAPJTfpSS/6RnGZ9mE3QWg== OK. 
19:33:16.962 [thrift-pool-game-1-7] DEBUG c.l.m.game.rpc.GamePlayerServiceRpc - user 7919 connect to game server true 
19:33:16.989 [thrift-pool-game-1-7] DEBUG c.l.mars.game.service.PlayerService - User 7921 check randomKey 79211
ovOpduvoNWIVQ2fDTDoTGg== OK. 
19:33:16.989 [thrift-pool-game-1-7] DEBUG c.l.m.game.rpc.GamePlayerServiceRpc - user 7921 connect to game server true 
19:33:17.001 [thrift-pool-game-1-7] DEBUG c.l.mars.game.service.PlayerService - User 7920 check randomKey 79201
F70CqEQMnC7JQ4imVWlNLA== OK. 
19:33:17.002 [thrift-pool-game-1-7] DEBUG c.l.m.game.rpc.GamePlayerServiceRpc - user 7920 connect to game server true 
19:33:17.017 [thrift-pool-game-1-7] DEBUG c.l.mars.game.service.PlayerService - User 7922 check randomKey 79221
zZrZ+B8f0TmP7NjzXj7v2w== OK. 
19:33:17.017 [thrift-pool-game-1-7] DEBUG c.l.m.game.rpc.GamePlayerServiceRpc - user 7922 connect to game server true 
19:33:17.034 [thrift-pool-game-1-7] DEBUG c.l.mars.game.service.PlayerService - User 7923 check randomKey 79231
m6Iqttr8ddJISQlaiUlLoQ== OK. 
19:33:17.034 [thrift-pool-game-1-7] DEBUG c.l.m.game.rpc.GamePlayerServiceRpc - user 7923 connect to game server true 
19:33:17.049 [thrift-pool-game-1-7] DEBUG c.l.mars.game.service.PlayerService - User 7924 check randomKey 79241
1frIqJq6NuTov6ggnvlSlw== OK. 
19:33:17.049 [thrift-pool-game-1-7] DEBUG c.l.m.game.rpc.GamePlayerServiceRpc - user 7924 connect to game server true 
19:33:17.057 [thrift-pool-game-1-7] DEBUG c.l.mars.game.service.PlayerService - User 7925 check randomKey 79251
559SPgsUpDWOGem/GHK55Q== OK. 
19:33:17.058 [thrift-pool-game-1-7] DEBUG c.l.m.game.rpc.GamePlayerServiceRpc - user 7925 connect to game server true 
19:33:17.084 [thrift-pool-game-1-7] DEBUG c.l.mars.game.service.PlayerService - User 7926 check randomKey 79261
pp9/kShOMcwyJVw1gQIkFw== OK. 
19:33:17.084 [thrift-pool-game-1-7] DEBUG c.l.m.game.rpc.GamePlayerServiceRpc - user 7926 connect to game server true 
19:33:17.113 [thrift-pool-game-1-7] DEBUG c.l.mars.game.service.PlayerService - User 7927 check randomKey 79271
sto9vn2on6pXP/iphhRQhA== OK. 
19:33:17.113 [thrift-pool-game-1-7] DEBUG c.l.m.game.rpc.GamePlayerServiceRpc - user 7927 connect to game server true 
19:33:17.135 [thrift-pool-game-1-7] DEBUG c.l.mars.game.service.PlayerService - User 7928 check randomKey 79281
vaHTU1H3K5RcCBZV/vJlTw== OK. 
19:33:17.135 [thrift-pool-game-1-7] DEBUG c.l.m.game.rpc.GamePlayerServiceRpc - user 7928 connect to game server true 
19:33:17.156 [thrift-pool-game-1-7] DEBUG c.l.mars.game.service.PlayerService - User 7929 check randomKey 79291
+KWZLKXH0PGIVhH2RWGn5g== OK. 
19:33:17.157 [thrift-pool-game-1-7] DEBUG c.l.m.game.rpc.GamePlayerServiceRpc - user 7929 connect to game server true 
19:33:17.166 [thrift-pool-game-1-7] DEBUG c.l.mars.game.service.PlayerService - User 7930 check randomKey 79301
mGIbvZCzR/ZFeoLqYPdxGQ== OK. 
19:33:17.166 [thrift-pool-game-1-7] DEBUG c.l.m.game.rpc.GamePlayerServiceRpc - user 7930 connect to game server true 
19:33:17.170 [thrift-pool-game-1-7] DEBUG c.l.mars.game.service.PlayerService - User 7931 check randomKey 79311
nOEo5500JQBY5W44ZhhE+Q== OK. 
19:33:17.170 [thrift-pool-game-1-7] DEBUG c.l.m.game.rpc.GamePlayerServiceRpc - user 7931 connect to game server true 
19:33:17.181 [thrift-pool-game-1-7] DEBUG c.l.mars.game.service.PlayerService - User 7932 check randomKey 79321
uI6hdVtL2FNR7DT8UgN/xQ== OK. 
19:33:17.181 [thrift-pool-game-1-7] DEBUG c.l.m.game.rpc.GamePlayerServiceRpc - user 7932 connect to game server true 
19:33:17.186 [thrift-pool-game-1-7] DEBUG c.l.mars.game.service.PlayerService - User 7933 check randomKey 79331
SfaNlzSarlNl9IoTUSW/fw== OK. 
19:33:17.186 [thrift-pool-game-1-7] DEBUG c.l.m.game.rpc.GamePlayerServiceRpc - user 7933 connect to game server true 
19:33:17.394 [thrift-pool-game-1-7] DEBUG c.l.mars.game.service.PlayerService - User 7934 check randomKey 79341
YixRE/q2zYLolDs5IgFFgw== OK. 
19:33:17.394 [thrift-pool-game-1-7] DEBUG c.l.m.game.rpc.GamePlayerServiceRpc - user 7934 connect to game server true 
19:33:17.397 [thrift-pool-game-1-7] DEBUG c.l.mars.game.service.PlayerService - User 7935 check randomKey 79351
NYg1MuPGdwALFhVjXiUsqQ== OK. 
19:33:17.398 [thrift-pool-game-1-7] DEBUG c.l.m.game.rpc.GamePlayerServiceRpc - user 7935 connect to game server true 
19:34:02.820 [thrift-pool-game-1-7] DEBUG c.l.mars.game.service.PlayerService - User 7936 check randomKey 79361
/K2Cl9iHl5ea4YQQLiCSAA== OK. 
19:34:02.820 [thrift-pool-game-1-7] DEBUG c.l.m.game.rpc.GamePlayerServiceRpc - user 7936 connect to game server true 
19:34:02.842 [thrift-pool-game-1-7] DEBUG c.l.mars.game.service.PlayerService - User 7937 check randomKey 79371
BHTZHhqEKwlAIbawGcXElg== OK. 
19:34:02.842 [thrift-pool-game-1-7] DEBUG c.l.m.game.rpc.GamePlayerServiceRpc - user 7937 connect to game server true 
19:34:02.873 [thrift-pool-game-1-7] DEBUG c.l.mars.game.service.PlayerService - User 7938 check randomKey 79381
XCkEWqxjv43fGlge9LQkpQ== OK. 
19:34:02.873 [thrift-pool-game-1-7] DEBUG c.l.m.game.rpc.GamePlayerServiceRpc - user 7938 connect to game server true 
19:34:02.887 [thrift-pool-game-1-7] DEBUG c.l.mars.game.service.PlayerService - User 7939 check randomKey 79391
JTJ+X7nuFuvzHhtaYxeylA== OK. 
19:34:02.887 [thrift-pool-game-1-7] DEBUG c.l.m.game.rpc.GamePlayerServiceRpc - user 7939 connect to game server true 
19:34:02.894 [thrift-pool-game-1-7] DEBUG c.l.mars.game.service.PlayerService - User 7940 check randomKey 79401
hXV19MoCnnuZDidE0TTOzw== OK. 
19:34:02.894 [thrift-pool-game-1-7] DEBUG c.l.m.game.rpc.GamePlayerServiceRpc - user 7940 connect to game server true 
19:34:02.894 [thrift-pool-game-1-2] DEBUG c.l.mars.game.service.PlayerService - User 7941 check randomKey 79411
ctz6qkneW6TbVBLJzuoUow== OK. 
19:34:02.894 [thrift-pool-game-1-2] DEBUG c.l.m.game.rpc.GamePlayerServiceRpc - user 7941 connect to game server true 
19:34:02.919 [thrift-pool-game-1-7] DEBUG c.l.mars.game.service.PlayerService - User 7942 check randomKey 79421
S/Z7QcUpqmOOkC08qpDu7g== OK. 
19:34:02.919 [thrift-pool-game-1-7] DEBUG c.l.m.game.rpc.GamePlayerServiceRpc - user 7942 connect to game server true 
19:34:02.920 [thrift-pool-game-1-2] DEBUG c.l.mars.game.service.PlayerService - User 7943 check randomKey 79431
MenoVGBs4w28f8GfJZ7awA== OK. 
19:34:02.920 [thrift-pool-game-1-2] DEBUG c.l.m.game.rpc.GamePlayerServiceRpc - user 7943 connect to game server true 
19:34:02.951 [thrift-pool-game-1-2] DEBUG c.l.mars.game.service.PlayerService - User 7945 check randomKey 79451
nNwJ9/xKiYXfdV//ssW77A== OK. 
19:34:02.951 [thrift-pool-game-1-2] DEBUG c.l.m.game.rpc.GamePlayerServiceRpc - user 7945 connect to game server true 
19:34:02.952 [thrift-pool-game-1-2] DEBUG c.l.mars.game.service.PlayerService - User 7944 check randomKey 79441
8AeBo2pbQ9g28jHREXQwRQ== OK. 
19:34:02.952 [thrift-pool-game-1-2] DEBUG c.l.m.game.rpc.GamePlayerServiceRpc - user 7944 connect to game server true 
19:34:03.046 [thrift-pool-game-1-2] DEBUG c.l.mars.game.service.PlayerService - User 7946 check randomKey 79461
RcYJMSU1eQTXFPprd9P8RA== OK. 
19:34:03.046 [thrift-pool-game-1-2] DEBUG c.l.m.game.rpc.GamePlayerServiceRpc - user 7946 connect to game server true 
19:34:03.054 [thrift-pool-game-1-2] DEBUG c.l.mars.game.service.PlayerService - User 7947 check randomKey 79471
BAkbxhxiEgOccoyxIiIf1Q== OK. 
19:34:03.055 [thrift-pool-game-1-2] DEBUG c.l.m.game.rpc.GamePlayerServiceRpc - user 7947 connect to game server true 
19:34:03.067 [thrift-pool-game-1-2] DEBUG c.l.mars.game.service.PlayerService - User 7948 check randomKey 79481
kO6VIImS8vR1wWCGHhUVIA== OK. 
19:34:03.067 [thrift-pool-game-1-2] DEBUG c.l.m.game.rpc.GamePlayerServiceRpc - user 7948 connect to game server true 
19:34:03.213 [thrift-pool-game-1-2] DEBUG c.l.mars.game.service.PlayerService - User 7949 check randomKey 79491
fDHBQxipifV0AigtOuY7AA== OK. 
19:34:03.214 [thrift-pool-game-1-2] DEBUG c.l.m.game.rpc.GamePlayerServiceRpc - user 7949 connect to game server true 
19:34:03.231 [thrift-pool-game-1-7] DEBUG c.l.mars.game.service.PlayerService - User 7951 check randomKey 79511
iVmhxptjrAo3f8QGN27ElQ== OK. 
19:34:03.231 [thrift-pool-game-1-7] DEBUG c.l.m.game.rpc.GamePlayerServiceRpc - user 7951 connect to game server true 
19:34:03.232 [thrift-pool-game-1-2] DEBUG c.l.mars.game.service.PlayerService - User 7950 check randomKey 79501
Mp6fDBoa0jwgWK10OsjX6Q== OK. 
19:34:03.232 [thrift-pool-game-1-2] DEBUG c.l.m.game.rpc.GamePlayerServiceRpc - user 7950 connect to game server true 
19:34:03.233 [thrift-pool-game-1-7] DEBUG c.l.mars.game.service.PlayerService - User 7952 check randomKey 79521
xuc8nBAsTut8vNROg/Wklw== OK. 
19:34:03.233 [thrift-pool-game-1-7] DEBUG c.l.m.game.rpc.GamePlayerServiceRpc - user 7952 connect to game server true 
19:34:03.236 [thrift-pool-game-1-7] DEBUG c.l.mars.game.service.PlayerService - User 7953 check randomKey 79531
wiQQjO+ISLyUzclsIRhy6Q== OK. 
19:34:03.236 [thrift-pool-game-1-7] DEBUG c.l.m.game.rpc.GamePlayerServiceRpc - user 7953 connect to game server true 
19:34:03.252 [thrift-pool-game-1-7] DEBUG c.l.mars.game.service.PlayerService - User 7954 check randomKey 79541
uZkTCxmjJCuEdcSYkpIA8Q== OK. 
19:34:03.252 [thrift-pool-game-1-7] DEBUG c.l.m.game.rpc.GamePlayerServiceRpc - user 7954 connect to game server true 
19:34:03.295 [thrift-pool-game-1-7] DEBUG c.l.mars.game.service.PlayerService - User 7955 check randomKey 79551
GPOvXCjlMDUHXY6VZaI07A== OK. 
19:34:03.296 [thrift-pool-game-1-7] DEBUG c.l.m.game.rpc.GamePlayerServiceRpc - user 7955 connect to game server true 
19:34:35.315 [thrift-pool-game-1-7] DEBUG c.l.mars.game.service.PlayerService - User 7809 check randomKey 78090
d2NILoZjvL1fPMjdrJ3mlQ== OK. 
19:34:35.315 [thrift-pool-game-1-7] DEBUG c.l.m.game.rpc.GamePlayerServiceRpc - user 7809 connect to game server true 
